<?xml version="1.0" encoding="UTF-8"?>
<!-- Generated by org.testng.reporters.JUnitXMLReporter -->
<testsuite ignored="0" hostname="Pranay-Laptop" failures="1" tests="4" name="Test" time="483.128" errors="0" timestamp="2026-04-15T15:51:33 IST">
  <testcase classname="testCases.TC_003LoginDDT" name="verify_loginDDT" time="6.22"/>
  <testcase classname="testCases.TC_003LoginDDT" name="verify_loginDDT" time="180.181">
    <failure type="java.lang.AssertionError" message="null">
      <![CDATA[java.lang.AssertionError: null
at testCases.TC_003LoginDDT.verify_loginDDT(TC_003LoginDDT.java:79)
at java.base/java.util.ArrayList.forEach(ArrayList.java:1596)
... Removed 27 stack frames]]>
    </failure>
  </testcase> <!-- verify_loginDDT -->
  <testcase classname="testCases.TC_003LoginDDT" name="verify_loginDDT" time="12.748"/>
  <testcase classname="testCases.TC_003LoginDDT" name="verify_loginDDT" time="13.282"/>
</testsuite> <!-- Test -->
