<?xml version="1.0" encoding="UTF-8"?>
<testng-results ignored="0" total="4" passed="3" failed="1" skipped="0">
  <reporter-output>
  </reporter-output>
  <suite started-at="2026-04-15T15:43:29 IST" name="Master Suite" finished-at="2026-04-15T15:51:32 IST" duration-ms="483128">
    <groups>
      <group name="DataDriven">
        <method signature="TC_003LoginDDT.verify_loginDDT(java.lang.String,java.lang.String,java.lang.String)[pri:0, instance:testCases.TC_003LoginDDT@fb9c7aa]" name="verify_loginDDT" class="testCases.TC_003LoginDDT"/>
      </group> <!-- DataDriven -->
    </groups>
    <test started-at="2026-04-15T15:43:29 IST" name="Test" finished-at="2026-04-15T15:51:32 IST" duration-ms="483128">
      <class name="testCases.TC_003LoginDDT">
        <test-method is-config="true" signature="setup(java.lang.String,java.lang.String)[pri:0, instance:testCases.TC_003LoginDDT@fb9c7aa]" started-at="2026-04-15T15:43:30 IST" name="setup" finished-at="2026-04-15T15:45:57 IST" duration-ms="147575" status="PASS">
          <params>
            <param index="0">
              <value>
                <![CDATA[Windows]]>
              </value>
            </param>
            <param index="1">
              <value>
                <![CDATA[chrome]]>
              </value>
            </param>
          </params>
          <reporter-output>
          </reporter-output>
        </test-method> <!-- setup -->
        <test-method signature="verify_loginDDT(java.lang.String,java.lang.String,java.lang.String)[pri:0, instance:testCases.TC_003LoginDDT@fb9c7aa]" started-at="2026-04-15T15:45:59 IST" name="verify_loginDDT" data-provider="LoginData" finished-at="2026-04-15T15:46:05 IST" duration-ms="6220" status="PASS">
          <params>
            <param index="0">
              <value>
                <![CDATA[abc1995@gmail.com]]>
              </value>
            </param>
            <param index="1">
              <value>
                <![CDATA[abc@1995]]>
              </value>
            </param>
            <param index="2">
              <value>
                <![CDATA[Valid]]>
              </value>
            </param>
          </params>
          <reporter-output>
          </reporter-output>
        </test-method> <!-- verify_loginDDT -->
        <test-method signature="verify_loginDDT(java.lang.String,java.lang.String,java.lang.String)[pri:0, instance:testCases.TC_003LoginDDT@fb9c7aa]" started-at="2026-04-15T15:46:06 IST" name="verify_loginDDT" data-provider="LoginData" finished-at="2026-04-15T15:49:06 IST" duration-ms="180181" status="FAIL">
          <params>
            <param index="0">
              <value>
                <![CDATA[abc1995@yahoo.com]]>
              </value>
            </param>
            <param index="1">
              <value>
                <![CDATA[abc]]>
              </value>
            </param>
            <param index="2">
              <value>
                <![CDATA[Invalid]]>
              </value>
            </param>
          </params>
          <exception class="java.lang.AssertionError">
            <message>
              <![CDATA[null]]>
            </message>
            <full-stacktrace>
              <![CDATA[java.lang.AssertionError: null
at org.testng.Assert.fail(Assert.java:111)
at org.testng.Assert.fail(Assert.java:116)
at testCases.TC_003LoginDDT.verify_loginDDT(TC_003LoginDDT.java:79)
at java.base/jdk.internal.reflect.DirectMethodHandleAccessor.invoke(DirectMethodHandleAccessor.java:103)
at java.base/java.lang.reflect.Method.invoke(Method.java:580)
at org.testng.internal.invokers.MethodInvocationHelper.invokeMethod(MethodInvocationHelper.java:141)
at org.testng.internal.invokers.TestInvoker.invokeMethod(TestInvoker.java:697)
at org.testng.internal.invokers.TestInvoker.invokeTestMethod(TestInvoker.java:230)
at org.testng.internal.invokers.MethodRunner.runInSequence(MethodRunner.java:63)
at org.testng.internal.invokers.TestInvoker$MethodInvocationAgent.invoke(TestInvoker.java:1005)
at org.testng.internal.invokers.TestInvoker.invokeTestMethods(TestInvoker.java:203)
at org.testng.internal.invokers.TestMethodWorker.invokeTestMethods(TestMethodWorker.java:154)
at org.testng.internal.invokers.TestMethodWorker.run(TestMethodWorker.java:134)
at java.base/java.util.ArrayList.forEach(ArrayList.java:1596)
at org.testng.TestRunner.privateRun(TestRunner.java:744)
at org.testng.TestRunner.run(TestRunner.java:616)
at org.testng.SuiteRunner.runTest(SuiteRunner.java:421)
at org.testng.SuiteRunner.runSequentially(SuiteRunner.java:413)
at org.testng.SuiteRunner.privateRun(SuiteRunner.java:373)
at org.testng.SuiteRunner.run(SuiteRunner.java:312)
at org.testng.SuiteRunnerWorker.runSuite(SuiteRunnerWorker.java:52)
at org.testng.SuiteRunnerWorker.run(SuiteRunnerWorker.java:95)
at org.testng.TestNG.runSuitesSequentially(TestNG.java:1274)
at org.testng.TestNG.runSuitesLocally(TestNG.java:1208)
at org.testng.TestNG.runSuites(TestNG.java:1112)
at org.testng.TestNG.run(TestNG.java:1079)
at org.testng.remote.AbstractRemoteTestNG.run(AbstractRemoteTestNG.java:115)
at org.testng.remote.RemoteTestNG.initAndRun(RemoteTestNG.java:293)
at org.testng.remote.RemoteTestNG.main(RemoteTestNG.java:91)
]]>
            </full-stacktrace>
          </exception> <!-- java.lang.AssertionError -->
          <reporter-output>
          </reporter-output>
        </test-method> <!-- verify_loginDDT -->
        <test-method signature="verify_loginDDT(java.lang.String,java.lang.String,java.lang.String)[pri:0, instance:testCases.TC_003LoginDDT@fb9c7aa]" started-at="2026-04-15T15:51:06 IST" name="verify_loginDDT" data-provider="LoginData" finished-at="2026-04-15T15:51:19 IST" duration-ms="12748" status="PASS">
          <params>
            <param index="0">
              <value>
                <![CDATA[ac95@yahoo.com]]>
              </value>
            </param>
            <param index="1">
              <value>
                <![CDATA[abyu]]>
              </value>
            </param>
            <param index="2">
              <value>
                <![CDATA[Invalid]]>
              </value>
            </param>
          </params>
          <reporter-output>
          </reporter-output>
        </test-method> <!-- verify_loginDDT -->
        <test-method signature="verify_loginDDT(java.lang.String,java.lang.String,java.lang.String)[pri:0, instance:testCases.TC_003LoginDDT@fb9c7aa]" started-at="2026-04-15T15:51:19 IST" name="verify_loginDDT" data-provider="LoginData" finished-at="2026-04-15T15:51:32 IST" duration-ms="13282" status="PASS">
          <params>
            <param index="0">
              <value>
                <![CDATA[abc1995@gmail.com]]>
              </value>
            </param>
            <param index="1">
              <value>
                <![CDATA[abyu]]>
              </value>
            </param>
            <param index="2">
              <value>
                <![CDATA[Invalid]]>
              </value>
            </param>
          </params>
          <reporter-output>
          </reporter-output>
        </test-method> <!-- verify_loginDDT -->
        <test-method is-config="true" signature="tearDown()[pri:0, instance:testCases.TC_003LoginDDT@fb9c7aa]" started-at="2026-04-15T15:51:32 IST" name="tearDown" finished-at="2026-04-15T15:51:32 IST" duration-ms="384" status="PASS">
          <reporter-output>
          </reporter-output>
        </test-method> <!-- tearDown -->
      </class> <!-- testCases.TC_003LoginDDT -->
    </test> <!-- Test -->
  </suite> <!-- Master Suite -->
</testng-results>
